#
# A fatal error has been detected by the Java Runtime Environment:
#
#  SIGSEGV (0xb) at pc=0x0000000105cb162d, pid=1339, tid=0x0000000000005403
#
# JRE version: Java(TM) SE Runtime Environment (8.0_152-b16) (build 1.8.0_152-b16)
# Java VM: Java HotSpot(TM) 64-Bit Server VM (25.152-b16 mixed mode bsd-amd64 compressed oops)
# Problematic frame:
# V  [libjvm.dylib+0x4b162d]
#
# Failed to write core dump. Core dumps have been disabled. To enable core dumping, try "ulimit -c unlimited" before starting Java again
#
# If you would like to submit a bug report, please visit:
#   http://bugreport.java.com/bugreport/crash.jsp
#

---------------  T H R E A D  ---------------

Current thread (0x00007fa26481f800):  GCTaskThread [stack: 0x0000700005022000,0x0000700005122000] [id=21507]

siginfo: si_signo: 11 (SIGSEGV), si_code: 1 (SEGV_MAPERR), si_addr: 0x0000000000000120

Registers:
RAX=0x0000000000000000, RBX=0x0000000000000003, RCX=0x00007fa262f12c03, RDX=0x000000074dc37d90
RSP=0x0000700005121d60, RBP=0x0000700005121db0, RSI=0x00007fa262f12f80, RDI=0x00000007c009cac8
R8 =0x0000000000000101, R9 =0x0000000000008a4f, R10=0x0440400004040001, R11=0x0004000000000000
R12=0x0000700005121d80, R13=0x0000000106042ad0, R14=0x00007fa262f12f80, R15=0x0000700005121d6c
RIP=0x0000000105cb162d, EFLAGS=0x0000000000010202, ERR=0x0000000000000004
  TRAPNO=0x000000000000000e

Top of Stack: (sp=0x0000700005121d60)
0x0000700005121d60:   00007fa262d01800 727f790505a77493
0x0000700005121d70:   0000000740c57880 0000000000000200
0x0000700005121d80:   000000074dc37d90 00007fa26481f800
0x0000700005121d90:   0000000000000000 0000000105e15f9e
0x0000700005121da0:   00007fa262d01800 0000000000000001
0x0000700005121db0:   0000700005121e90 0000000105a77a0b
0x0000700005121dc0:   0000700005121df0 00007fa262f0bf90
0x0000700005121dd0:   00007fa262f0bfc0 00007fa262f0bfd0
0x0000700005121de0:   00007fa262f0c3a8 00000000000003d8
0x0000700005121df0:   00007fa26481f800 00007fa262f0c3b0
0x0000700005121e00:   00007fa262f0c3f0 00007fa262f0c400
0x0000700005121e10:   00007fa262f0c4d8 00000000000000d8
0x0000700005121e20:   0000700005121e30 0000000000000000
0x0000700005121e30:   00007fa26481f800 00007fa262f0c3b0
0x0000700005121e40:   00007fa262f0c3f0 00007fa262f0c400
0x0000700005121e50:   00007fa262f0c4d8 00000000000000d8
0x0000700005121e60:   00007fa262f0c5f0 00007fa26481f800
0x0000700005121e70:   00000000000ba1c0 0000000000000000
0x0000700005121e80:   00007fa262f0ceb0 00007fa262f0cf20
0x0000700005121e90:   0000700005121ef0 0000000105c8d542
0x0000700005121ea0:   0000000000000000 00007fa262f0cf20
0x0000700005121eb0:   0000000600000000 00000000000ba1c0
0x0000700005121ec0:   00007000051220e0 0000700005122180
0x0000700005121ed0:   0000700005122000 0000000105c8d44c
0x0000700005121ee0:   0000700005122000 0000000000000000
0x0000700005121ef0:   0000700005121f20 00007fff6e1126c1
0x0000700005121f00:   0000000000000001 0000700005122000
0x0000700005121f10:   000000001c0008ff 00007fa26481f800
0x0000700005121f20:   0000700005121f50 00007fff6e11256d
0x0000700005121f30:   0000000000000000 0000000000000000
0x0000700005121f40:   0000000000000000 0000000000000000
0x0000700005121f50:   0000700005121f78 00007fff6e111c5d 

Instructions: (pc=0x0000000105cb162d)
0x0000000105cb160d:   8f b1 43 00 80 38 00 8b 4d c8 74 a1 4c 89 f6 e8
0x0000000105cb161d:   7d b4 fc ff eb 9f 48 8b 7a 08 48 8b 07 4c 89 f6
0x0000000105cb162d:   ff 90 20 01 00 00 4c 89 f7 e8 ad d7 00 00 48 8d
0x0000000105cb163d:   05 ae 4f 44 00 48 8b 38 89 de 4c 89 fa 4c 89 e1 

Register to memory mapping:

RAX=0x0000000000000000 is an unknown value
RBX=0x0000000000000003 is an unknown value
RCX=0x00007fa262f12c03 is an unknown value
RDX=0x000000074dc37d90 is an oop

[error occurred during error reporting (printing register info), id 0xb]

Stack: [0x0000700005022000,0x0000700005122000],  sp=0x0000700005121d60,  free space=1023k
Native frames: (J=compiled Java code, j=interpreted, Vv=VM code, C=native code)
V  [libjvm.dylib+0x4b162d]
V  [libjvm.dylib+0x277a0b]
V  [libjvm.dylib+0x48d542]
C  [libsystem_pthread.dylib+0x36c1]  _pthread_body+0x154
C  [libsystem_pthread.dylib+0x356d]  _pthread_body+0x0
C  [libsystem_pthread.dylib+0x2c5d]  thread_start+0xd


---------------  P R O C E S S  ---------------

Java Threads: ( => current thread )
  0x00007fa264011000 JavaThread "Service Thread" daemon [_thread_blocked, id=14851, stack(0x000070000583a000,0x000070000593a000)]
  0x00007fa263827000 JavaThread "C1 CompilerThread2" daemon [_thread_blocked, id=14595, stack(0x0000700005737000,0x0000700005837000)]
  0x00007fa264015000 JavaThread "C2 CompilerThread1" daemon [_thread_blocked, id=14339, stack(0x0000700005634000,0x0000700005734000)]
  0x00007fa263843000 JavaThread "C2 CompilerThread0" daemon [_thread_blocked, id=14083, stack(0x0000700005531000,0x0000700005631000)]
  0x00007fa263039800 JavaThread "Signal Dispatcher" daemon [_thread_blocked, id=19211, stack(0x000070000542e000,0x000070000552e000)]
  0x00007fa26380e000 JavaThread "Finalizer" daemon [_thread_blocked, id=11779, stack(0x000070000532b000,0x000070000542b000)]
  0x00007fa26380b800 JavaThread "Reference Handler" daemon [_thread_blocked, id=20483, stack(0x0000700005228000,0x0000700005328000)]
  0x00007fa264802000 JavaThread "main" [_thread_blocked, id=6147, stack(0x0000700004c16000,0x0000700004d16000)]

Other Threads:
  0x00007fa26483f800 VMThread [stack: 0x0000700005125000,0x0000700005225000] [id=20995]
  0x00007fa264826800 WatcherThread [stack: 0x000070000593d000,0x0000700005a3d000] [id=15107]

=>0x00007fa26481f800 (exited) GCTaskThread [stack: 0x0000700005022000,0x0000700005122000] [id=21507]

VM state:at safepoint (normal execution)

VM Mutex/Monitor currently owned by a thread:  ([mutex/lock_event])
[0x00007fa262c027d0] Threads_lock - owner thread: 0x00007fa26483f800
[0x00007fa262c02cd0] Heap_lock - owner thread: 0x00007fa264802000

Heap:
 PSYoungGen      total 596480K, used 19392K [0x0000000795580000, 0x00000007c0000000, 0x00000007c0000000)
  eden space 536064K, 0% used [0x0000000795580000,0x0000000795580000,0x00000007b6100000)
  from space 60416K, 32% used [0x00000007bc500000,0x00000007bd7f0010,0x00000007c0000000)
  to   space 81408K, 0% used [0x00000007b6100000,0x00000007b6100000,0x00000007bb080000)
 ParOldGen       total 248832K, used 248042K [0x0000000740000000, 0x000000074f300000, 0x0000000795580000)
  object space 248832K, 99% used [0x0000000740000000,0x000000074f23a840,0x000000074f300000)
 Metaspace       used 19710K, capacity 19936K, committed 20096K, reserved 1067008K
  class space    used 1727K, capacity 1821K, committed 1920K, reserved 1048576K

Card table byte_map: [0x0000000106b75000,0x0000000106f76000] byte_map_base: 0x0000000103175000

Marking Bits: (ParMarkBitMap*) 0x00000001060f66c0
 Begin Bits: [0x0000000119b1f000, 0x000000011bb1f000)
 End Bits:   [0x000000011bb1f000, 0x000000011db1f000)

Polling page: 0x0000000104fb4000

CodeCache: size=245760Kb used=19879Kb max_used=19905Kb free=225880Kb
 bounds [0x000000010ab1f000, 0x000000010beaf000, 0x0000000119b1f000]
 total_blobs=4440 nmethods=4062 adapters=288
 compilation: enabled

Compilation events (10 events):
Event: 37.777 Thread 0x00007fa263827000 nmethod 4677 0x000000010be8cb10 code [0x000000010be8ccc0, 0x000000010be8d1a8]
Event: 37.855 Thread 0x00007fa263827000 4678       3       org.eclipse.jdt.internal.compiler.lookup.SourceTypeBinding::verifyMethods (50 bytes)
Event: 37.856 Thread 0x00007fa263827000 nmethod 4678 0x000000010be8d3d0 code [0x000000010be8d5a0, 0x000000010be8dc88]
Event: 37.956 Thread 0x00007fa263827000 4680       3       org.eclipse.jdt.internal.compiler.util.SimpleLookupTable::rehash (86 bytes)
Event: 37.957 Thread 0x00007fa263827000 nmethod 4680 0x000000010be8df50 code [0x000000010be8e0e0, 0x000000010be8e538]
Event: 37.970 Thread 0x00007fa264015000 nmethod 4654 0x000000010be95650 code [0x000000010be95e40, 0x000000010be9c2c8]
Event: 37.970 Thread 0x00007fa264015000 4676       4       org.eclipse.jdt.internal.compiler.parser.Parser::problemReporter (43 bytes)
Event: 37.974 Thread 0x00007fa264015000 nmethod 4676 0x000000010be635d0 code [0x000000010be63740, 0x000000010be63a38]
Event: 37.974 Thread 0x00007fa264015000 4679       4       java.nio.charset.Charset::lookup (44 bytes)
Event: 37.976 Thread 0x00007fa264015000 nmethod 4679 0x000000010be66650 code [0x000000010be667c0, 0x000000010be66a08]

GC Heap History (10 events):
Event: 25.704 GC heap after
Heap after GC invocations=18 (full 2):
 PSYoungGen      total 642048K, used 7672K [0x0000000795580000, 0x00000007c0000000, 0x00000007c0000000)
  eden space 605696K, 0% used [0x0000000795580000,0x0000000795580000,0x00000007ba500000)
  from space 36352K, 21% used [0x00000007bdc80000,0x00000007be3fe258,0x00000007c0000000)
  to   space 46592K, 0% used [0x00000007ba500000,0x00000007ba500000,0x00000007bd280000)
 ParOldGen       total 238592K, used 133513K [0x0000000740000000, 0x000000074e900000, 0x0000000795580000)
  object space 238592K, 55% used [0x0000000740000000,0x0000000748262608,0x000000074e900000)
 Metaspace       used 18474K, capacity 18624K, committed 18688K, reserved 1067008K
  class space    used 1710K, capacity 1789K, committed 1792K, reserved 1048576K
}
Event: 29.447 GC heap before
{Heap before GC invocations=19 (full 2):
 PSYoungGen      total 642048K, used 613368K [0x0000000795580000, 0x00000007c0000000, 0x00000007c0000000)
  eden space 605696K, 100% used [0x0000000795580000,0x00000007ba500000,0x00000007ba500000)
  from space 36352K, 21% used [0x00000007bdc80000,0x00000007be3fe258,0x00000007c0000000)
  to   space 46592K, 0% used [0x00000007ba500000,0x00000007ba500000,0x00000007bd280000)
 ParOldGen       total 238592K, used 133513K [0x0000000740000000, 0x000000074e900000, 0x0000000795580000)
  object space 238592K, 55% used [0x0000000740000000,0x0000000748262608,0x000000074e900000)
 Metaspace       used 19387K, capacity 19584K, committed 19712K, reserved 1067008K
  class space    used 1725K, capacity 1789K, committed 1792K, reserved 1048576K
Event: 29.529 GC heap after
Heap after GC invocations=19 (full 2):
 PSYoungGen      total 640000K, used 34022K [0x0000000795580000, 0x00000007c0000000, 0x00000007c0000000)
  eden space 605696K, 0% used [0x0000000795580000,0x0000000795580000,0x00000007ba500000)
  from space 34304K, 99% used [0x00000007ba500000,0x00000007bc639a08,0x00000007bc680000)
  to   space 49152K, 0% used [0x00000007bd000000,0x00000007bd000000,0x00000007c0000000)
 ParOldGen       total 238592K, used 138681K [0x0000000740000000, 0x000000074e900000, 0x0000000795580000)
  object space 238592K, 58% used [0x0000000740000000,0x000000074876e608,0x000000074e900000)
 Metaspace       used 19387K, capacity 19584K, committed 19712K, reserved 1067008K
  class space    used 1725K, capacity 1789K, committed 1792K, reserved 1048576K
}
Event: 33.292 GC heap before
{Heap before GC invocations=20 (full 2):
 PSYoungGen      total 640000K, used 639718K [0x0000000795580000, 0x00000007c0000000, 0x00000007c0000000)
  eden space 605696K, 100% used [0x0000000795580000,0x00000007ba500000,0x00000007ba500000)
  from space 34304K, 99% used [0x00000007ba500000,0x00000007bc639a08,0x00000007bc680000)
  to   space 49152K, 0% used [0x00000007bd000000,0x00000007bd000000,0x00000007c0000000)
 ParOldGen       total 238592K, used 138681K [0x0000000740000000, 0x000000074e900000, 0x0000000795580000)
  object space 238592K, 58% used [0x0000000740000000,0x000000074876e608,0x000000074e900000)
 Metaspace       used 19627K, capacity 19808K, committed 20096K, reserved 1067008K
  class space    used 1726K, capacity 1821K, committed 1920K, reserved 1048576K
Event: 33.359 GC heap after
Heap after GC invocations=20 (full 2):
 PSYoungGen      total 627200K, used 49136K [0x0000000795580000, 0x00000007c0000000, 0x00000007c0000000)
  eden space 578048K, 0% used [0x0000000795580000,0x0000000795580000,0x00000007b8a00000)
  from space 49152K, 99% used [0x00000007bd000000,0x00000007bfffc080,0x00000007c0000000)
  to   space 60416K, 0% used [0x00000007b8a00000,0x00000007b8a00000,0x00000007bc500000)
 ParOldGen       total 238592K, used 149037K [0x0000000740000000, 0x000000074e900000, 0x0000000795580000)
  object space 238592K, 62% used [0x0000000740000000,0x000000074918b540,0x000000074e900000)
 Metaspace       used 19627K, capacity 19808K, committed 20096K, reserved 1067008K
  class space    used 1726K, capacity 1821K, committed 1920K, reserved 1048576K
}
Event: 35.560 GC heap before
{Heap before GC invocations=21 (full 2):
 PSYoungGen      total 627200K, used 627184K [0x0000000795580000, 0x00000007c0000000, 0x00000007c0000000)
  eden space 578048K, 100% used [0x0000000795580000,0x00000007b8a00000,0x00000007b8a00000)
  from space 49152K, 99% used [0x00000007bd000000,0x00000007bfffc080,0x00000007c0000000)
  to   space 60416K, 0% used [0x00000007b8a00000,0x00000007b8a00000,0x00000007bc500000)
 ParOldGen       total 238592K, used 149037K [0x0000000740000000, 0x000000074e900000, 0x0000000795580000)
  object space 238592K, 62% used [0x0000000740000000,0x000000074918b540,0x000000074e900000)
 Metaspace       used 19662K, capacity 19872K, committed 20096K, reserved 1067008K
  class space    used 1727K, capacity 1821K, committed 1920K, reserved 1048576K
Event: 35.678 GC heap after
Heap after GC invocations=21 (full 2):
 PSYoungGen      total 638464K, used 60385K [0x0000000795580000, 0x00000007c0000000, 0x00000007c0000000)
  eden space 578048K, 0% used [0x0000000795580000,0x0000000795580000,0x00000007b8a00000)
  from space 60416K, 99% used [0x00000007b8a00000,0x00000007bc4f8440,0x00000007bc500000)
  to   space 60416K, 0% used [0x00000007bc500000,0x00000007bc500000,0x00000007c0000000)
 ParOldGen       total 238592K, used 187249K [0x0000000740000000, 0x000000074e900000, 0x0000000795580000)
  object space 238592K, 78% used [0x0000000740000000,0x000000074b6dc738,0x000000074e900000)
 Metaspace       used 19662K, capacity 19872K, committed 20096K, reserved 1067008K
  class space    used 1727K, capacity 1821K, committed 1920K, reserved 1048576K
}
Event: 37.984 GC heap before
{Heap before GC invocations=22 (full 2):
 PSYoungGen      total 638464K, used 638433K [0x0000000795580000, 0x00000007c0000000, 0x00000007c0000000)
  eden space 578048K, 100% used [0x0000000795580000,0x00000007b8a00000,0x00000007b8a00000)
  from space 60416K, 99% used [0x00000007b8a00000,0x00000007bc4f8440,0x00000007bc500000)
  to   space 60416K, 0% used [0x00000007bc500000,0x00000007bc500000,0x00000007c0000000)
 ParOldGen       total 238592K, used 187249K [0x0000000740000000, 0x000000074e900000, 0x0000000795580000)
  object space 238592K, 78% used [0x0000000740000000,0x000000074b6dc738,0x000000074e900000)
 Metaspace       used 19710K, capacity 19936K, committed 20096K, reserved 1067008K
  class space    used 1727K, capacity 1821K, committed 1920K, reserved 1048576K
Event: 38.143 GC heap after
Heap after GC invocations=22 (full 2):
 PSYoungGen      total 596480K, used 19392K [0x0000000795580000, 0x00000007c0000000, 0x00000007c0000000)
  eden space 536064K, 0% used [0x0000000795580000,0x0000000795580000,0x00000007b6100000)
  from space 60416K, 32% used [0x00000007bc500000,0x00000007bd7f0010,0x00000007c0000000)
  to   space 81408K, 0% used [0x00000007b6100000,0x00000007b6100000,0x00000007bb080000)
 ParOldGen       total 248832K, used 248042K [0x0000000740000000, 0x000000074f300000, 0x0000000795580000)
  object space 248832K, 99% used [0x0000000740000000,0x000000074f23a840,0x000000074f300000)
 Metaspace       used 19710K, capacity 19936K, committed 20096K, reserved 1067008K
  class space    used 1727K, capacity 1821K, committed 1920K, reserved 1048576K
}
Event: 38.143 GC heap before
{Heap before GC invocations=23 (full 3):
 PSYoungGen      total 596480K, used 19392K [0x0000000795580000, 0x00000007c0000000, 0x00000007c0000000)
  eden space 536064K, 0% used [0x0000000795580000,0x0000000795580000,0x00000007b6100000)
  from space 60416K, 32% used [0x00000007bc500000,0x00000007bd7f0010,0x00000007c0000000)
  to   space 81408K, 0% used [0x00000007b6100000,0x00000007b6100000,0x00000007bb080000)
 ParOldGen       total 248832K, used 248042K [0x0000000740000000, 0x000000074f300000, 0x0000000795580000)
  object space 248832K, 99% used [0x0000000740000000,0x000000074f23a840,0x000000074f300000)
 Metaspace       used 19710K, capacity 19936K, committed 20096K, reserved 1067008K
  class space    used 1727K, capacity 1821K, committed 1920K, reserved 1048576K

Deoptimization events (10 events):
Event: 34.023 Thread 0x00007fa264802000 Uncommon trap: reason=unstable_if action=reinterpret pc=0x000000010b545ce8 method=org.eclipse.jdt.internal.compiler.lookup.Scope.findField(Lorg/eclipse/jdt/internal/compiler/lookup/TypeBinding;[CLorg/eclipse/jdt/internal/compiler/lookup/InvocationSite;ZZ)
Event: 34.396 Thread 0x00007fa264802000 Uncommon trap: reason=unstable_if action=reinterpret pc=0x000000010ad140b0 method=org.eclipse.jdt.internal.compiler.parser.Parser.dispatchDeclarationInto(I)V @ 1
Event: 35.948 Thread 0x00007fa264802000 Uncommon trap: reason=unstable_if action=reinterpret pc=0x000000010b8306f4 method=java.util.concurrent.ConcurrentHashMap.transfer([Ljava/util/concurrent/ConcurrentHashMap$Node;[Ljava/util/concurrent/ConcurrentHashMap$Node;)V @ 634
Event: 36.640 Thread 0x00007fa264802000 Uncommon trap: reason=unstable_if action=reinterpret pc=0x000000010aff5344 method=java.util.concurrent.ConcurrentHashMap.get(Ljava/lang/Object;)Ljava/lang/Object; @ 86
Event: 36.640 Thread 0x00007fa264802000 Uncommon trap: reason=class_check action=maybe_recompile pc=0x000000010be109b8 method=java.util.concurrent.ConcurrentHashMap$TreeNode.findTreeNode(ILjava/lang/Object;Ljava/lang/Class;)Ljava/util/concurrent/ConcurrentHashMap$TreeNode; @ 73
Event: 36.640 Thread 0x00007fa264802000 Uncommon trap: reason=class_check action=maybe_recompile pc=0x000000010be109b8 method=java.util.concurrent.ConcurrentHashMap$TreeNode.findTreeNode(ILjava/lang/Object;Ljava/lang/Class;)Ljava/util/concurrent/ConcurrentHashMap$TreeNode; @ 73
Event: 36.640 Thread 0x00007fa264802000 Uncommon trap: reason=class_check action=maybe_recompile pc=0x000000010be109b8 method=java.util.concurrent.ConcurrentHashMap$TreeNode.findTreeNode(ILjava/lang/Object;Ljava/lang/Class;)Ljava/util/concurrent/ConcurrentHashMap$TreeNode; @ 73
Event: 36.868 Thread 0x00007fa264802000 Uncommon trap: reason=class_check action=maybe_recompile pc=0x000000010be109b8 method=java.util.concurrent.ConcurrentHashMap$TreeNode.findTreeNode(ILjava/lang/Object;Ljava/lang/Class;)Ljava/util/concurrent/ConcurrentHashMap$TreeNode; @ 73
Event: 36.875 Thread 0x00007fa264802000 Uncommon trap: reason=unstable_if action=reinterpret pc=0x000000010bb773b8 method=org.eclipse.jdt.internal.compiler.parser.Scanner.disambiguatedToken(I)I @ 25
Event: 37.397 Thread 0x00007fa264802000 Uncommon trap: reason=bimorphic action=maybe_recompile pc=0x000000010be50344 method=org.eclipse.jdt.internal.compiler.lookup.Scope.isSubtypeOfRawType(Lorg/eclipse/jdt/internal/compiler/lookup/TypeBinding;)Z @ 204

Classes redefined (0 events):
No events

Internal exceptions (10 events):
Event: 29.164 Thread 0x00007fa264802000 Exception <a 'java/lang/ArrayIndexOutOfBoundsException'> (0x00000007b7eec1b8) thrown at [/Users/java_re/workspace/8-2-build-macosx-x86_64/jdk8u152/9742/hotspot/src/share/vm/runtime/sharedRuntime.cpp, line 605]
Event: 29.229 Thread 0x00007fa264802000 Exception <a 'java/lang/ArrayIndexOutOfBoundsException'> (0x00000007b89da980) thrown at [/Users/java_re/workspace/8-2-build-macosx-x86_64/jdk8u152/9742/hotspot/src/share/vm/runtime/sharedRuntime.cpp, line 605]
Event: 29.758 Thread 0x00007fa264802000 Exception <a 'java/lang/ArrayIndexOutOfBoundsException'> (0x00000007978087a8) thrown at [/Users/java_re/workspace/8-2-build-macosx-x86_64/jdk8u152/9742/hotspot/src/share/vm/runtime/sharedRuntime.cpp, line 605]
Event: 29.759 Thread 0x00007fa264802000 Exception <a 'java/lang/ArrayIndexOutOfBoundsException'> (0x0000000797827d60) thrown at [/Users/java_re/workspace/8-2-build-macosx-x86_64/jdk8u152/9742/hotspot/src/share/vm/runtime/sharedRuntime.cpp, line 605]
Event: 29.759 Thread 0x00007fa264802000 Exception <a 'java/lang/ArrayIndexOutOfBoundsException'> (0x0000000797847c28) thrown at [/Users/java_re/workspace/8-2-build-macosx-x86_64/jdk8u152/9742/hotspot/src/share/vm/runtime/sharedRuntime.cpp, line 605]
Event: 29.760 Thread 0x00007fa264802000 Exception <a 'java/lang/ArrayIndexOutOfBoundsException'> (0x0000000797865a78) thrown at [/Users/java_re/workspace/8-2-build-macosx-x86_64/jdk8u152/9742/hotspot/src/share/vm/runtime/sharedRuntime.cpp, line 605]
Event: 29.760 Thread 0x00007fa264802000 Exception <a 'java/lang/ArrayIndexOutOfBoundsException'> (0x0000000797884a30) thrown at [/Users/java_re/workspace/8-2-build-macosx-x86_64/jdk8u152/9742/hotspot/src/share/vm/runtime/sharedRuntime.cpp, line 605]
Event: 29.760 Thread 0x00007fa264802000 Exception <a 'java/lang/ArrayIndexOutOfBoundsException'> (0x00000007978a2468) thrown at [/Users/java_re/workspace/8-2-build-macosx-x86_64/jdk8u152/9742/hotspot/src/share/vm/runtime/sharedRuntime.cpp, line 605]
Event: 29.761 Thread 0x00007fa264802000 Exception <a 'java/lang/ArrayIndexOutOfBoundsException'> (0x00000007978c4c80) thrown at [/Users/java_re/workspace/8-2-build-macosx-x86_64/jdk8u152/9742/hotspot/src/share/vm/runtime/sharedRuntime.cpp, line 605]
Event: 32.251 Thread 0x00007fa264802000 Implicit null exception at 0x000000010ae78bf8 to 0x000000010ae78c31

Events (10 events):
Event: 36.868 Thread 0x00007fa264802000 Uncommon trap: trap_request=0xffffffde fr.pc=0x000000010be109b8
Event: 36.868 Thread 0x00007fa264802000 DEOPT PACKING pc=0x000000010be109b8 sp=0x0000700004d14e80
Event: 36.868 Thread 0x00007fa264802000 DEOPT UNPACKING pc=0x000000010ab24229 sp=0x0000700004d14e38 mode 2
Event: 36.875 Thread 0x00007fa264802000 Uncommon trap: trap_request=0xffffff65 fr.pc=0x000000010bb773b8
Event: 36.875 Thread 0x00007fa264802000 DEOPT PACKING pc=0x000000010bb773b8 sp=0x0000700004d14a40
Event: 36.875 Thread 0x00007fa264802000 DEOPT UNPACKING pc=0x000000010ab24229 sp=0x0000700004d149c0 mode 2
Event: 37.397 Thread 0x00007fa264802000 Uncommon trap: trap_request=0xffffffc6 fr.pc=0x000000010be50344
Event: 37.397 Thread 0x00007fa264802000 DEOPT PACKING pc=0x000000010be50344 sp=0x0000700004d14c30
Event: 37.397 Thread 0x00007fa264802000 DEOPT UNPACKING pc=0x000000010ab24229 sp=0x0000700004d14c08 mode 2
Event: 37.984 Executing VM operation: ParallelGCFailedAllocation


Dynamic libraries:
0x000000001e811000 	/System/Library/Frameworks/Cocoa.framework/Versions/A/Cocoa
0x000000001e811000 	/System/Library/Frameworks/Security.framework/Versions/A/Security
0x000000001e811000 	/System/Library/Frameworks/ApplicationServices.framework/Versions/A/ApplicationServices
0x000000001e811000 	/usr/lib/libz.1.dylib
0x000000001e811000 	/usr/lib/libSystem.B.dylib
0x000000001e811000 	/usr/lib/libobjc.A.dylib
0x000000001e811000 	/System/Library/Frameworks/CoreFoundation.framework/Versions/A/CoreFoundation
0x000000001e811000 	/System/Library/Frameworks/Foundation.framework/Versions/C/Foundation
0x000000001e811000 	/System/Library/Frameworks/AppKit.framework/Versions/C/AppKit
0x000000001e811000 	/System/Library/Frameworks/CoreData.framework/Versions/A/CoreData
0x000000001e811000 	/System/Library/PrivateFrameworks/RemoteViewServices.framework/Versions/A/RemoteViewServices
0x000000001e811000 	/System/Library/PrivateFrameworks/UIFoundation.framework/Versions/A/UIFoundation
0x000000001e811000 	/System/Library/PrivateFrameworks/DFRFoundation.framework/Versions/A/DFRFoundation
0x000000001e811000 	/System/Library/Frameworks/Metal.framework/Versions/A/Metal
0x000000001e811000 	/System/Library/PrivateFrameworks/DesktopServicesPriv.framework/Versions/A/DesktopServicesPriv
0x000000001e811000 	/usr/lib/libenergytrace.dylib
0x000000001e811000 	/System/Library/PrivateFrameworks/SkyLight.framework/Versions/A/SkyLight
0x000000001e811000 	/System/Library/Frameworks/CoreGraphics.framework/Versions/A/CoreGraphics
0x000000001e811000 	/usr/lib/libScreenReader.dylib
0x000000001e811000 	/System/Library/Frameworks/Accelerate.framework/Versions/A/Accelerate
0x000000001e811000 	/System/Library/Frameworks/IOSurface.framework/Versions/A/IOSurface
0x000000001e811000 	/System/Library/Frameworks/AudioToolbox.framework/Versions/A/AudioToolbox
0x000000001e811000 	/System/Library/Frameworks/AudioUnit.framework/Versions/A/AudioUnit
0x000000001e811000 	/System/Library/PrivateFrameworks/DataDetectorsCore.framework/Versions/A/DataDetectorsCore
0x000000001e811000 	/System/Library/Frameworks/Carbon.framework/Versions/A/Frameworks/HIToolbox.framework/Versions/A/HIToolbox
0x000000001e811000 	/usr/lib/libicucore.A.dylib
0x000000001e811000 	/System/Library/Frameworks/QuartzCore.framework/Versions/A/QuartzCore
0x000000001e811000 	/System/Library/Frameworks/Carbon.framework/Versions/A/Frameworks/SpeechRecognition.framework/Versions/A/SpeechRecognition
0x000000001e811000 	/usr/lib/libauto.dylib
0x000000001e811000 	/usr/lib/libxml2.2.dylib
0x000000001e811000 	/System/Library/PrivateFrameworks/CoreUI.framework/Versions/A/CoreUI
0x000000001e811000 	/System/Library/Frameworks/CoreAudio.framework/Versions/A/CoreAudio
0x000000001e811000 	/System/Library/Frameworks/DiskArbitration.framework/Versions/A/DiskArbitration
0x000000001e811000 	/usr/lib/liblangid.dylib
0x000000001e811000 	/System/Library/PrivateFrameworks/MultitouchSupport.framework/Versions/A/MultitouchSupport
0x000000001e811000 	/System/Library/Frameworks/IOKit.framework/Versions/A/IOKit
0x000000001e811000 	/usr/lib/libDiagnosticMessagesClient.dylib
0x000000001e811000 	/System/Library/Frameworks/CoreServices.framework/Versions/A/CoreServices
0x000000001e811000 	/System/Library/PrivateFrameworks/PerformanceAnalysis.framework/Versions/A/PerformanceAnalysis
0x000000001e811000 	/System/Library/Frameworks/OpenGL.framework/Versions/A/OpenGL
0x000000001e811000 	/System/Library/Frameworks/ColorSync.framework/Versions/A/ColorSync
0x000000001e811000 	/System/Library/Frameworks/CoreImage.framework/Versions/A/CoreImage
0x000000001e811000 	/System/Library/Frameworks/CoreText.framework/Versions/A/CoreText
0x000000001e811000 	/System/Library/Frameworks/ImageIO.framework/Versions/A/ImageIO
0x000000001e811000 	/System/Library/PrivateFrameworks/Backup.framework/Versions/A/Backup
0x000000001e811000 	/usr/lib/libarchive.2.dylib
0x000000001e811000 	/System/Library/Frameworks/CFNetwork.framework/Versions/A/CFNetwork
0x000000001e811000 	/System/Library/Frameworks/SystemConfiguration.framework/Versions/A/SystemConfiguration
0x000000001e811000 	/usr/lib/libCRFSuite.dylib
0x000000001e811000 	/usr/lib/libc++.1.dylib
0x000000001e811000 	/usr/lib/libc++abi.dylib
0x000000001e811000 	/usr/lib/system/libcache.dylib
0x000000001e811000 	/usr/lib/system/libcommonCrypto.dylib
0x000000001e811000 	/usr/lib/system/libcompiler_rt.dylib
0x000000001e811000 	/usr/lib/system/libcopyfile.dylib
0x000000001e811000 	/usr/lib/system/libcorecrypto.dylib
0x000000001e811000 	/usr/lib/system/libdispatch.dylib
0x000000001e811000 	/usr/lib/system/libdyld.dylib
0x000000001e811000 	/usr/lib/system/libkeymgr.dylib
0x000000001e811000 	/usr/lib/system/liblaunch.dylib
0x000000001e811000 	/usr/lib/system/libmacho.dylib
0x000000001e811000 	/usr/lib/system/libquarantine.dylib
0x000000001e811000 	/usr/lib/system/libremovefile.dylib
0x000000001e811000 	/usr/lib/system/libsystem_asl.dylib
0x000000001e811000 	/usr/lib/system/libsystem_blocks.dylib
0x000000001e811000 	/usr/lib/system/libsystem_c.dylib
0x000000001e811000 	/usr/lib/system/libsystem_configuration.dylib
0x000000001e811000 	/usr/lib/system/libsystem_coreservices.dylib
0x000000001e811000 	/usr/lib/system/libsystem_darwin.dylib
0x000000001e811000 	/usr/lib/system/libsystem_dnssd.dylib
0x000000001e811000 	/usr/lib/system/libsystem_info.dylib
0x000000001e811000 	/usr/lib/system/libsystem_m.dylib
0x000000001e811000 	/usr/lib/system/libsystem_malloc.dylib
0x000000001e811000 	/usr/lib/system/libsystem_network.dylib
0x000000001e811000 	/usr/lib/system/libsystem_networkextension.dylib
0x000000001e811000 	/usr/lib/system/libsystem_notify.dylib
0x000000001e811000 	/usr/lib/system/libsystem_sandbox.dylib
0x000000001e811000 	/usr/lib/system/libsystem_secinit.dylib
0x000000001e811000 	/usr/lib/system/libsystem_kernel.dylib
0x000000001e811000 	/usr/lib/system/libsystem_platform.dylib
0x000000001e811000 	/usr/lib/system/libsystem_pthread.dylib
0x000000001e811000 	/usr/lib/system/libsystem_symptoms.dylib
0x000000001e811000 	/usr/lib/system/libsystem_trace.dylib
0x000000001e811000 	/usr/lib/system/libunwind.dylib
0x000000001e811000 	/usr/lib/system/libxpc.dylib
0x000000001e811000 	/usr/lib/closure/libclosured.dylib
0x000000001e811000 	/usr/lib/libbsm.0.dylib
0x000000001e811000 	/usr/lib/system/libkxld.dylib
0x000000001e811000 	/usr/lib/libOpenScriptingUtil.dylib
0x000000001e811000 	/usr/lib/libcoretls.dylib
0x000000001e811000 	/usr/lib/libcoretls_cfhelpers.dylib
0x000000001e811000 	/usr/lib/libpam.2.dylib
0x000000001e811000 	/usr/lib/libsqlite3.dylib
0x000000001e811000 	/usr/lib/libxar.1.dylib
0x000000001e811000 	/usr/lib/libbz2.1.0.dylib
0x000000001e811000 	/usr/lib/liblzma.5.dylib
0x000000001e811000 	/usr/lib/libnetwork.dylib
0x000000001e811000 	/usr/lib/libapple_nghttp2.dylib
0x000000001e811000 	/usr/lib/libpcap.A.dylib
0x000000001e811000 	/usr/lib/libboringssl.dylib
0x000000001e811000 	/usr/lib/libusrtcp.dylib
0x000000001e811000 	/usr/lib/libapple_crypto.dylib
0x000000001e811000 	/System/Library/Frameworks/CoreServices.framework/Versions/A/Frameworks/FSEvents.framework/Versions/A/FSEvents
0x000000001e811000 	/System/Library/Frameworks/CoreServices.framework/Versions/A/Frameworks/CarbonCore.framework/Versions/A/CarbonCore
0x000000001e811000 	/System/Library/Frameworks/CoreServices.framework/Versions/A/Frameworks/Metadata.framework/Versions/A/Metadata
0x000000001e811000 	/System/Library/Frameworks/CoreServices.framework/Versions/A/Frameworks/OSServices.framework/Versions/A/OSServices
0x000000001e811000 	/System/Library/Frameworks/CoreServices.framework/Versions/A/Frameworks/SearchKit.framework/Versions/A/SearchKit
0x000000001e811000 	/System/Library/Frameworks/CoreServices.framework/Versions/A/Frameworks/AE.framework/Versions/A/AE
0x000000001e811000 	/System/Library/Frameworks/CoreServices.framework/Versions/A/Frameworks/LaunchServices.framework/Versions/A/LaunchServices
0x000000001e811000 	/System/Library/Frameworks/CoreServices.framework/Versions/A/Frameworks/DictionaryServices.framework/Versions/A/DictionaryServices
0x000000001e811000 	/System/Library/Frameworks/CoreServices.framework/Versions/A/Frameworks/SharedFileList.framework/Versions/A/SharedFileList
0x000000001e811000 	/System/Library/Frameworks/NetFS.framework/Versions/A/NetFS
0x000000001e811000 	/System/Library/PrivateFrameworks/NetAuth.framework/Versions/A/NetAuth
0x000000001e811000 	/System/Library/PrivateFrameworks/login.framework/Versions/A/Frameworks/loginsupport.framework/Versions/A/loginsupport
0x000000001e811000 	/System/Library/PrivateFrameworks/TCC.framework/Versions/A/TCC
0x000000001e811000 	/usr/lib/libmecabra.dylib
0x000000001e811000 	/System/Library/Frameworks/ApplicationServices.framework/Versions/A/Frameworks/ATS.framework/Versions/A/ATS
0x000000001e811000 	/System/Library/Frameworks/ApplicationServices.framework/Versions/A/Frameworks/ColorSyncLegacy.framework/Versions/A/ColorSyncLegacy
0x000000001e811000 	/System/Library/Frameworks/ApplicationServices.framework/Versions/A/Frameworks/HIServices.framework/Versions/A/HIServices
0x000000001e811000 	/System/Library/Frameworks/ApplicationServices.framework/Versions/A/Frameworks/LangAnalysis.framework/Versions/A/LangAnalysis
0x000000001e811000 	/System/Library/Frameworks/ApplicationServices.framework/Versions/A/Frameworks/PrintCore.framework/Versions/A/PrintCore
0x000000001e811000 	/System/Library/Frameworks/ApplicationServices.framework/Versions/A/Frameworks/QD.framework/Versions/A/QD
0x000000001e811000 	/System/Library/Frameworks/ApplicationServices.framework/Versions/A/Frameworks/SpeechSynthesis.framework/Versions/A/SpeechSynthesis
0x000000001e811000 	/System/Library/Frameworks/CoreDisplay.framework/Versions/A/CoreDisplay
0x000000001e811000 	/System/Library/Frameworks/Accelerate.framework/Versions/A/Frameworks/vImage.framework/Versions/A/vImage
0x000000001e811000 	/System/Library/Frameworks/Accelerate.framework/Versions/A/Frameworks/vecLib.framework/Versions/A/vecLib
0x000000001e811000 	/System/Library/Frameworks/Accelerate.framework/Versions/A/Frameworks/vecLib.framework/Versions/A/libvDSP.dylib
0x000000001e811000 	/System/Library/Frameworks/Accelerate.framework/Versions/A/Frameworks/vecLib.framework/Versions/A/libBNNS.dylib
0x000000001e811000 	/System/Library/Frameworks/Accelerate.framework/Versions/A/Frameworks/vecLib.framework/Versions/A/libQuadrature.dylib
0x000000001e811000 	/System/Library/Frameworks/Accelerate.framework/Versions/A/Frameworks/vecLib.framework/Versions/A/libvMisc.dylib
0x000000001e811000 	/System/Library/Frameworks/Accelerate.framework/Versions/A/Frameworks/vecLib.framework/Versions/A/libLAPACK.dylib
0x000000001e811000 	/System/Library/Frameworks/Accelerate.framework/Versions/A/Frameworks/vecLib.framework/Versions/A/libBLAS.dylib
0x000000001e811000 	/System/Library/Frameworks/Accelerate.framework/Versions/A/Frameworks/vecLib.framework/Versions/A/libLinearAlgebra.dylib
0x000000001e811000 	/System/Library/Frameworks/Accelerate.framework/Versions/A/Frameworks/vecLib.framework/Versions/A/libSparse.dylib
0x000000001e811000 	/System/Library/Frameworks/Accelerate.framework/Versions/A/Frameworks/vecLib.framework/Versions/A/libSparseBLAS.dylib
0x000000001e811000 	/System/Library/PrivateFrameworks/IOAccelerator.framework/Versions/A/IOAccelerator
0x000000001e811000 	/System/Library/PrivateFrameworks/IOPresentment.framework/Versions/A/IOPresentment
0x000000001e811000 	/System/Library/PrivateFrameworks/DSExternalDisplay.framework/Versions/A/DSExternalDisplay
0x000000001e811000 	/System/Library/Frameworks/OpenGL.framework/Versions/A/Libraries/libCoreFSCache.dylib
0x000000001e811000 	/System/Library/Frameworks/CoreVideo.framework/Versions/A/CoreVideo
0x000000001e811000 	/System/Library/PrivateFrameworks/GraphVisualizer.framework/Versions/A/GraphVisualizer
0x000000001e811000 	/System/Library/Frameworks/MetalPerformanceShaders.framework/Versions/A/MetalPerformanceShaders
0x000000001e811000 	/usr/lib/libFosl_dynamic.dylib
0x000000001e811000 	/System/Library/PrivateFrameworks/FaceCore.framework/Versions/A/FaceCore
0x000000001e811000 	/System/Library/Frameworks/OpenCL.framework/Versions/A/OpenCL
0x000000001e811000 	/usr/lib/libcompression.dylib
0x000000001e811000 	/System/Library/Frameworks/ApplicationServices.framework/Versions/A/Frameworks/ATS.framework/Versions/A/Resources/libFontParser.dylib
0x000000001e811000 	/System/Library/Frameworks/ApplicationServices.framework/Versions/A/Frameworks/ATS.framework/Versions/A/Resources/libFontRegistry.dylib
0x000000001e811000 	/System/Library/Frameworks/ImageIO.framework/Versions/A/Resources/libJPEG.dylib
0x000000001e811000 	/System/Library/Frameworks/ImageIO.framework/Versions/A/Resources/libTIFF.dylib
0x000000001e811000 	/System/Library/Frameworks/ImageIO.framework/Versions/A/Resources/libPng.dylib
0x000000001e811000 	/System/Library/Frameworks/ImageIO.framework/Versions/A/Resources/libGIF.dylib
0x000000001e811000 	/System/Library/Frameworks/ImageIO.framework/Versions/A/Resources/libJP2.dylib
0x000000001e811000 	/System/Library/Frameworks/ImageIO.framework/Versions/A/Resources/libRadiance.dylib
0x000000001e811000 	/System/Library/PrivateFrameworks/AppleJPEG.framework/Versions/A/AppleJPEG
0x000000001e811000 	/System/Library/PrivateFrameworks/MetalTools.framework/Versions/A/MetalTools
0x000000001e811000 	/System/Library/Frameworks/MetalPerformanceShaders.framework/Frameworks/MPSCore.framework/Versions/A/MPSCore
0x000000001e811000 	/System/Library/Frameworks/MetalPerformanceShaders.framework/Frameworks/MPSImage.framework/Versions/A/MPSImage
0x000000001e811000 	/System/Library/Frameworks/MetalPerformanceShaders.framework/Frameworks/MPSMatrix.framework/Versions/A/MPSMatrix
0x000000001e811000 	/System/Library/Frameworks/MetalPerformanceShaders.framework/Frameworks/MPSNeuralNetwork.framework/Versions/A/MPSNeuralNetwork
0x000000001e811000 	/System/Library/Frameworks/OpenGL.framework/Versions/A/Libraries/libGLU.dylib
0x000000001e811000 	/System/Library/Frameworks/OpenGL.framework/Versions/A/Libraries/libGFXShared.dylib
0x000000001e811000 	/System/Library/Frameworks/OpenGL.framework/Versions/A/Libraries/libGL.dylib
0x000000001e811000 	/System/Library/Frameworks/OpenGL.framework/Versions/A/Libraries/libGLImage.dylib
0x000000001e811000 	/System/Library/Frameworks/OpenGL.framework/Versions/A/Libraries/libCVMSPluginSupport.dylib
0x000000001e811000 	/System/Library/Frameworks/OpenGL.framework/Versions/A/Libraries/libCoreVMClient.dylib
0x000000001e811000 	/usr/lib/libcups.2.dylib
0x000000001e811000 	/System/Library/Frameworks/Kerberos.framework/Versions/A/Kerberos
0x000000001e811000 	/System/Library/Frameworks/GSS.framework/Versions/A/GSS
0x000000001e811000 	/usr/lib/libresolv.9.dylib
0x000000001e811000 	/usr/lib/libiconv.2.dylib
0x000000001e811000 	/System/Library/PrivateFrameworks/Heimdal.framework/Versions/A/Heimdal
0x000000001e811000 	/usr/lib/libheimdal-asn1.dylib
0x000000001e811000 	/System/Library/Frameworks/OpenDirectory.framework/Versions/A/OpenDirectory
0x000000001e811000 	/System/Library/PrivateFrameworks/CommonAuth.framework/Versions/A/CommonAuth
0x000000001e811000 	/System/Library/Frameworks/OpenDirectory.framework/Versions/A/Frameworks/CFOpenDirectory.framework/Versions/A/CFOpenDirectory
0x000000001e811000 	/System/Library/Frameworks/SecurityFoundation.framework/Versions/A/SecurityFoundation
0x000000001e811000 	/System/Library/PrivateFrameworks/APFS.framework/Versions/A/APFS
0x000000001e811000 	/usr/lib/libutil.dylib
0x000000001e811000 	/System/Library/PrivateFrameworks/AppleSauce.framework/Versions/A/AppleSauce
0x000000001e811000 	/System/Library/PrivateFrameworks/LinguisticData.framework/Versions/A/LinguisticData
0x000000001e811000 	/usr/lib/libmarisa.dylib
0x000000001e811000 	/System/Library/PrivateFrameworks/Lexicon.framework/Versions/A/Lexicon
0x000000001e811000 	/usr/lib/libChineseTokenizer.dylib
0x000000001e811000 	/usr/lib/libcmph.dylib
0x000000001e811000 	/System/Library/PrivateFrameworks/LanguageModeling.framework/Versions/A/LanguageModeling
0x000000001e811000 	/System/Library/PrivateFrameworks/CoreEmoji.framework/Versions/A/CoreEmoji
0x000000001e811000 	/System/Library/Frameworks/ServiceManagement.framework/Versions/A/ServiceManagement
0x000000001e811000 	/System/Library/PrivateFrameworks/BackgroundTaskManagement.framework/Versions/A/BackgroundTaskManagement
0x000000001e811000 	/usr/lib/libxslt.1.dylib
0x000000001e811000 	/System/Library/Frameworks/Carbon.framework/Versions/A/Frameworks/Ink.framework/Versions/A/Ink
0x000000001e811000 	/System/Library/PrivateFrameworks/TextureIO.framework/Versions/A/TextureIO
0x000000001e811000 	/usr/lib/libate.dylib
0x000000001e811000 	/System/Library/PrivateFrameworks/CrashReporterSupport.framework/Versions/A/CrashReporterSupport
0x000000001e811000 	/System/Library/PrivateFrameworks/Sharing.framework/Versions/A/Sharing
0x000000001e811000 	/System/Library/PrivateFrameworks/IconServices.framework/Versions/A/IconServices
0x000000001e811000 	/System/Library/PrivateFrameworks/ProtocolBuffer.framework/Versions/A/ProtocolBuffer
0x000000001e811000 	/System/Library/PrivateFrameworks/Apple80211.framework/Versions/A/Apple80211
0x000000001e811000 	/System/Library/Frameworks/CoreWLAN.framework/Versions/A/CoreWLAN
0x000000001e811000 	/System/Library/PrivateFrameworks/CoreUtils.framework/Versions/A/CoreUtils
0x000000001e811000 	/System/Library/Frameworks/IOBluetooth.framework/Versions/A/IOBluetooth
0x000000001e811000 	/System/Library/PrivateFrameworks/CoreWiFi.framework/Versions/A/CoreWiFi
0x000000001e811000 	/System/Library/Frameworks/CoreBluetooth.framework/Versions/A/CoreBluetooth
0x000000001e811000 	/System/Library/PrivateFrameworks/SignpostNotification.framework/Versions/A/SignpostNotification
0x000000001e811000 	/System/Library/PrivateFrameworks/DebugSymbols.framework/Versions/A/DebugSymbols
0x000000001e811000 	/System/Library/PrivateFrameworks/CoreSymbolication.framework/Versions/A/CoreSymbolication
0x000000001e811000 	/System/Library/PrivateFrameworks/Symbolication.framework/Versions/A/Symbolication
0x000000001e811000 	/System/Library/PrivateFrameworks/AppleFSCompression.framework/Versions/A/AppleFSCompression
0x000000001e811000 	/System/Library/PrivateFrameworks/SpeechRecognitionCore.framework/Versions/A/SpeechRecognitionCore
0x0000000105800000 	/Library/Java/JavaVirtualMachines/jdk1.8.0_152.jdk/Contents/Home/jre/lib/server/libjvm.dylib
0x000000001e811000 	/usr/lib/libstdc++.6.0.9.dylib
0x0000000104f70000 	/Library/Java/JavaVirtualMachines/jdk1.8.0_152.jdk/Contents/Home/jre/lib/libverify.dylib
0x0000000104f7e000 	/Library/Java/JavaVirtualMachines/jdk1.8.0_152.jdk/Contents/Home/jre/lib/libjava.dylib
0x00000001067ac000 	/Library/Java/JavaVirtualMachines/jdk1.8.0_152.jdk/Contents/Home/jre/lib/libzip.dylib
0x0000000109218000 	/Library/Java/JavaVirtualMachines/jdk1.8.0_152.jdk/Contents/Home/jre/lib/libnio.dylib
0x0000000109228000 	/Library/Java/JavaVirtualMachines/jdk1.8.0_152.jdk/Contents/Home/jre/lib/./libnet.dylib

VM Arguments:
jvm_args: -Dfile.encoding=UTF-8 
java_command: br.inpe.cap.alocalizer.MainClass /Users/phillima/Documents/project
java_class_path (initial): /Library/Java/JavaVirtualMachines/jdk1.8.0_152.jdk/Contents/Home/jre/lib/resources.jar:/Library/Java/JavaVirtualMachines/jdk1.8.0_152.jdk/Contents/Home/jre/lib/rt.jar:/Library/Java/JavaVirtualMachines/jdk1.8.0_152.jdk/Contents/Home/jre/lib/jsse.jar:/Library/Java/JavaVirtualMachines/jdk1.8.0_152.jdk/Contents/Home/jre/lib/jce.jar:/Library/Java/JavaVirtualMachines/jdk1.8.0_152.jdk/Contents/Home/jre/lib/charsets.jar:/Library/Java/JavaVirtualMachines/jdk1.8.0_152.jdk/Contents/Home/jre/lib/jfr.jar:/Library/Java/JavaVirtualMachines/jdk1.8.0_152.jdk/Contents/Home/jre/lib/ext/sunec.jar:/Library/Java/JavaVirtualMachines/jdk1.8.0_152.jdk/Contents/Home/jre/lib/ext/nashorn.jar:/Library/Java/JavaVirtualMachines/jdk1.8.0_152.jdk/Contents/Home/jre/lib/ext/cldrdata.jar:/Library/Java/JavaVirtualMachines/jdk1.8.0_152.jdk/Contents/Home/jre/lib/ext/jfxrt.jar:/Library/Java/JavaVirtualMachines/jdk1.8.0_152.jdk/Contents/Home/jre/lib/ext/dnsns.jar:/Library/Java/JavaVirtualMachines/jdk1.8.0_152.jdk/Contents/Home/jre/lib/ext/localedata.jar:/Library/Java/JavaVirtualMachines/jdk1.8.0_152.jdk/Contents/Home/jre/lib/ext/sunjce_provider.jar:/Library/Java/JavaVirtualMachines/jdk1.8.0_152.jdk/Contents/Home/jre/lib/ext/sunpkcs11.jar:/Library/Java/JavaVirtualMachines/jdk1.8.0_152.jdk/Contents/Home/jre/lib/ext/jaccess.jar:/Library/Java/JavaVirtualMachines/jdk1.8.0_152.jdk/Contents/Home/jre/lib/ext/zipfs.jar:/System/Library/Java/Extensions/MRJToolkit.jar:/Users/phillima/Documents/eclipse-workspace/alocalizer/target/classes:/Users/phillima/.m2/repository/org/eclipse/jdt/org.eclipse.jdt.core/3.12.2/org.eclipse.jdt.core-3.12.2.jar:/Users/phillima/.m2/repository/org/eclipse/platform/org.eclipse.core.resources/3.12.0/org.eclipse.core.resources-3.12.0.jar:/Users/phillima/.m2/repository/org/eclipse/platform/org.eclipse.core.expressions/3.6.0/org.eclipse.core.expressions-3.6.0.jar:/Users/phillima/.m2/repository/org/eclipse/platform/org.eclipse.core.runtime/3.13.0/org.eclipse.core.run
Launcher Type: SUN_STANDARD

Environment Variables:
PATH=/usr/bin:/bin:/usr/sbin:/sbin
SHELL=/bin/bash

Signal Handlers:
SIGSEGV: [libjvm.dylib+0x5b494d], sa_mask[0]=11111111011111110111111111111111, sa_flags=SA_ONSTACK|SA_RESTART|SA_SIGINFO
SIGBUS: [libjvm.dylib+0x5b494d], sa_mask[0]=11111111011111110111111111111111, sa_flags=SA_RESTART|SA_SIGINFO
SIGFPE: [libjvm.dylib+0x48ab54], sa_mask[0]=11111111011111110111111111111111, sa_flags=SA_RESTART|SA_SIGINFO
SIGPIPE: [libjvm.dylib+0x48ab54], sa_mask[0]=11111111011111110111111111111111, sa_flags=SA_RESTART|SA_SIGINFO
SIGXFSZ: [libjvm.dylib+0x48ab54], sa_mask[0]=11111111011111110111111111111111, sa_flags=SA_RESTART|SA_SIGINFO
SIGILL: [libjvm.dylib+0x48ab54], sa_mask[0]=11111111011111110111111111111111, sa_flags=SA_RESTART|SA_SIGINFO
SIGUSR1: SIG_DFL, sa_mask[0]=00000000000000000000000000000000, sa_flags=none
SIGUSR2: [libjvm.dylib+0x48a672], sa_mask[0]=00100000000000000000000000000000, sa_flags=SA_RESTART|SA_SIGINFO
SIGHUP: [libjvm.dylib+0x488c49], sa_mask[0]=11111111011111110111111111111111, sa_flags=SA_RESTART|SA_SIGINFO
SIGINT: [libjvm.dylib+0x488c49], sa_mask[0]=11111111011111110111111111111111, sa_flags=SA_RESTART|SA_SIGINFO
SIGTERM: [libjvm.dylib+0x488c49], sa_mask[0]=11111111011111110111111111111111, sa_flags=SA_RESTART|SA_SIGINFO
SIGQUIT: [libjvm.dylib+0x488c49], sa_mask[0]=11111111011111110111111111111111, sa_flags=SA_RESTART|SA_SIGINFO


---------------  S Y S T E M  ---------------

OS:Bsduname:Darwin 17.4.0 Darwin Kernel Version 17.4.0: Sun Dec 17 09:19:54 PST 2017; root:xnu-4570.41.2~1/RELEASE_X86_64 x86_64
rlimit: STACK 8192k, CORE 0k, NPROC 709, NOFILE 10240, AS infinity
load average:2.18 1.91 1.78

CPU:total 4 (initial active 4) (2 cores per cpu, 2 threads per core) family 6 model 42 stepping 7, cmov, cx8, fxsr, mmx, sse, sse2, sse3, ssse3, sse4.1, sse4.2, popcnt, avx, aes, clmul, ht, tsc, tscinvbit

Memory: 4k page, physical 8388608k(91460k free)

/proc/meminfo:


vm_info: Java HotSpot(TM) 64-Bit Server VM (25.152-b16) for bsd-amd64 JRE (1.8.0_152-b16), built on Sep 14 2017 02:31:13 by "java_re" with gcc 4.2.1 (Based on Apple Inc. build 5658) (LLVM build 2336.11.00)

time: Wed Feb 21 15:57:22 2018
elapsed time: 38 seconds (0d 0h 0m 38s)

